2024-05-16 12:51:51: ⏰ Event: Save Attachment
2024-05-16 12:51:51: 🚫 The file doesn't require renaming.
2024-05-16 12:55:59: 😭 Same filename.
2024-05-16 12:55:59: 😭 Same filename.
2024-05-16 12:55:59: 😭 Same filename.
2024-05-16 12:55:59: 😭 Same filename.
2024-05-16 12:55:59: 😭 Same filename.
2024-05-16 12:55:59: 😭 Same filename.
2024-05-16 12:55:59: 😭 Same filename.
2024-05-16 12:55:59: 😭 Same filename.
2024-05-16 12:55:59: 😭 Same filename.
2024-05-16 12:55:59: 😭 Same filename.
2024-05-16 12:55:59: 😭 Same filename.
2024-05-16 12:55:59: 😭 Same filename.
2024-05-16 12:55:59: 😭 Same filename.
2024-05-16 12:56:31: ⏰ Event: New Upload on Prefilter (65c3dda279fe2e06765f9e63_QZJPOlVaS6yl7qqmRugTiGlFFMAdAY9lQA2UwR5dLKXhF9dLM8g3g2yzksVpQFfujDHqcvt3oSpyGHEBhMLQYkadMSCxZF9KFDR62olJTf37yWjyrPhgGpgV7mWkWSzAzdaFanuqnN763oYUm45j2Bg.png)
2024-05-16 12:56:31: ⏰ New Upload (65c3dda279fe2e06765f9e63_QZJPOlVaS6yl7qqmRugTiGlFFMAdAY9lQA2UwR5dLKXhF9dLM8g3g2yzksVpQFfujDHqcvt3oSpyGHEBhMLQYkadMSCxZF9KFDR62olJTf37yWjyrPhgGpgV7mWkWSzAzdaFanuqnN763oYUm45j2Bg)
2024-05-16 12:56:31: 👌 Done.
2024-05-16 12:57:30: ⏰ Event: Save Attachment
2024-05-16 12:57:30: 🚫 Force Rename is enabled, but the proposed filename is null. Generating a new one without force rename.
2024-05-16 12:57:30: 🏁 Rename Media: 65c3dda279fe2e06765f9e63_QZJPOlVaS6yl7qqmRugTiGlFFMAdAY9lQA2UwR5dLKXhF9dLM8g3g2yzksVpQFfujDHqcvt3oSpyGHEBhMLQYkadMSCxZF9KFDR62olJTf37yWjyrPhgGpgV7mWkWSzAzdaFanuqnN763oYUm45j2Bg.png
2024-05-16 12:57:30: 🎯 New file will be: test.png
2024-05-16 12:57:30: ✅ File /home/u442300711/domains/learnathome.pro/public_html/wp-content/uploads/2024/05/65c3dda279fe2e06765f9e63_QZJPOlVaS6yl7qqmRugTiGlFFMAdAY9lQA2UwR5dLKXhF9dLM8g3g2yzksVpQFfujDHqcvt3oSpyGHEBhMLQYkadMSCxZF9KFDR62olJTf37yWjyrPhgGpgV7mWkWSzAzdaFanuqnN763oYUm45j2Bg.png ➡️ /home/u442300711/domains/learnathome.pro/public_html/wp-content/uploads/2024/05/test.png
2024-05-16 12:57:30: ✅ File /home/u442300711/domains/learnathome.pro/public_html/wp-content/uploads/2024/05/65c3dda279fe2e06765f9e63_QZJPOlVaS6yl7qqmRugTiGlFFMAdAY9lQA2UwR5dLKXhF9dLM8g3g2yzksVpQFfujDHqcvt3oSpyGHEBhMLQYkadMSCxZF9KFDR62olJTf37yWjyrPhgGpgV7mWkWSzAzdaFanuqnN763oYUm45j2Bg-300x150.png ➡️ /home/u442300711/domains/learnathome.pro/public_html/wp-content/uploads/2024/05/test-300x150.png
2024-05-16 12:57:30: ✅ File /home/u442300711/domains/learnathome.pro/public_html/wp-content/uploads/2024/05/65c3dda279fe2e06765f9e63_QZJPOlVaS6yl7qqmRugTiGlFFMAdAY9lQA2UwR5dLKXhF9dLM8g3g2yzksVpQFfujDHqcvt3oSpyGHEBhMLQYkadMSCxZF9KFDR62olJTf37yWjyrPhgGpgV7mWkWSzAzdaFanuqnN763oYUm45j2Bg-1024x512.png ➡️ /home/u442300711/domains/learnathome.pro/public_html/wp-content/uploads/2024/05/test-1024x512.png
2024-05-16 12:57:30: ✅ File /home/u442300711/domains/learnathome.pro/public_html/wp-content/uploads/2024/05/65c3dda279fe2e06765f9e63_QZJPOlVaS6yl7qqmRugTiGlFFMAdAY9lQA2UwR5dLKXhF9dLM8g3g2yzksVpQFfujDHqcvt3oSpyGHEBhMLQYkadMSCxZF9KFDR62olJTf37yWjyrPhgGpgV7mWkWSzAzdaFanuqnN763oYUm45j2Bg-150x150.png ➡️ /home/u442300711/domains/learnathome.pro/public_html/wp-content/uploads/2024/05/test-150x150.png
2024-05-16 12:57:30: ✅ File /home/u442300711/domains/learnathome.pro/public_html/wp-content/uploads/2024/05/65c3dda279fe2e06765f9e63_QZJPOlVaS6yl7qqmRugTiGlFFMAdAY9lQA2UwR5dLKXhF9dLM8g3g2yzksVpQFfujDHqcvt3oSpyGHEBhMLQYkadMSCxZF9KFDR62olJTf37yWjyrPhgGpgV7mWkWSzAzdaFanuqnN763oYUm45j2Bg-768x384.png ➡️ /home/u442300711/domains/learnathome.pro/public_html/wp-content/uploads/2024/05/test-768x384.png
2024-05-16 12:57:30: ✅ File /home/u442300711/domains/learnathome.pro/public_html/wp-content/uploads/2024/05/65c3dda279fe2e06765f9e63_QZJPOlVaS6yl7qqmRugTiGlFFMAdAY9lQA2UwR5dLKXhF9dLM8g3g2yzksVpQFfujDHqcvt3oSpyGHEBhMLQYkadMSCxZF9KFDR62olJTf37yWjyrPhgGpgV7mWkWSzAzdaFanuqnN763oYUm45j2Bg-700x400.png ➡️ /home/u442300711/domains/learnathome.pro/public_html/wp-content/uploads/2024/05/test-700x400.png
2024-05-16 12:57:30: ✅ File /home/u442300711/domains/learnathome.pro/public_html/wp-content/uploads/2024/05/65c3dda279fe2e06765f9e63_QZJPOlVaS6yl7qqmRugTiGlFFMAdAY9lQA2UwR5dLKXhF9dLM8g3g2yzksVpQFfujDHqcvt3oSpyGHEBhMLQYkadMSCxZF9KFDR62olJTf37yWjyrPhgGpgV7mWkWSzAzdaFanuqnN763oYUm45j2Bg-700x500.png ➡️ /home/u442300711/domains/learnathome.pro/public_html/wp-content/uploads/2024/05/test-700x500.png
2024-05-16 12:57:30: ✅ File /home/u442300711/domains/learnathome.pro/public_html/wp-content/uploads/2024/05/65c3dda279fe2e06765f9e63_QZJPOlVaS6yl7qqmRugTiGlFFMAdAY9lQA2UwR5dLKXhF9dLM8g3g2yzksVpQFfujDHqcvt3oSpyGHEBhMLQYkadMSCxZF9KFDR62olJTf37yWjyrPhgGpgV7mWkWSzAzdaFanuqnN763oYUm45j2Bg-550x550.png ➡️ /home/u442300711/domains/learnathome.pro/public_html/wp-content/uploads/2024/05/test-550x550.png
2024-05-16 12:57:30: ✅ File /home/u442300711/domains/learnathome.pro/public_html/wp-content/uploads/2024/05/65c3dda279fe2e06765f9e63_QZJPOlVaS6yl7qqmRugTiGlFFMAdAY9lQA2UwR5dLKXhF9dLM8g3g2yzksVpQFfujDHqcvt3oSpyGHEBhMLQYkadMSCxZF9KFDR62olJTf37yWjyrPhgGpgV7mWkWSzAzdaFanuqnN763oYUm45j2Bg-700x520.png ➡️ /home/u442300711/domains/learnathome.pro/public_html/wp-content/uploads/2024/05/test-700x520.png
2024-05-16 12:57:30: ✅ File /home/u442300711/domains/learnathome.pro/public_html/wp-content/uploads/2024/05/65c3dda279fe2e06765f9e63_QZJPOlVaS6yl7qqmRugTiGlFFMAdAY9lQA2UwR5dLKXhF9dLM8g3g2yzksVpQFfujDHqcvt3oSpyGHEBhMLQYkadMSCxZF9KFDR62olJTf37yWjyrPhgGpgV7mWkWSzAzdaFanuqnN763oYUm45j2Bg-550x600.png ➡️ /home/u442300711/domains/learnathome.pro/public_html/wp-content/uploads/2024/05/test-550x600.png
2024-05-16 12:57:30: 🚀 Rewrite content 2024/05/65c3dda279fe2e06765f9e63_QZJPOlVaS6yl7qqmRugTiGlFFMAdAY9lQA2UwR5dLKXhF9dLM8g3g2yzksVpQFfujDHqcvt3oSpyGHEBhMLQYkadMSCxZF9KFDR62olJTf37yWjyrPhgGpgV7mWkWSzAzdaFanuqnN763oYUm45j2Bg.png ➡️ 2024/05/test.png
2024-05-16 12:57:30: 🚀 Rewrite content 2024/05/65c3dda279fe2e06765f9e63_QZJPOlVaS6yl7qqmRugTiGlFFMAdAY9lQA2UwR5dLKXhF9dLM8g3g2yzksVpQFfujDHqcvt3oSpyGHEBhMLQYkadMSCxZF9KFDR62olJTf37yWjyrPhgGpgV7mWkWSzAzdaFanuqnN763oYUm45j2Bg-300x150.png ➡️ 2024/05/test-300x150.png
2024-05-16 12:57:30: 🚀 Rewrite content 2024/05/65c3dda279fe2e06765f9e63_QZJPOlVaS6yl7qqmRugTiGlFFMAdAY9lQA2UwR5dLKXhF9dLM8g3g2yzksVpQFfujDHqcvt3oSpyGHEBhMLQYkadMSCxZF9KFDR62olJTf37yWjyrPhgGpgV7mWkWSzAzdaFanuqnN763oYUm45j2Bg-1024x512.png ➡️ 2024/05/test-1024x512.png
2024-05-16 12:57:30: 🚀 Rewrite content 2024/05/65c3dda279fe2e06765f9e63_QZJPOlVaS6yl7qqmRugTiGlFFMAdAY9lQA2UwR5dLKXhF9dLM8g3g2yzksVpQFfujDHqcvt3oSpyGHEBhMLQYkadMSCxZF9KFDR62olJTf37yWjyrPhgGpgV7mWkWSzAzdaFanuqnN763oYUm45j2Bg-150x150.png ➡️ 2024/05/test-150x150.png
2024-05-16 12:57:30: 🚀 Rewrite content 2024/05/65c3dda279fe2e06765f9e63_QZJPOlVaS6yl7qqmRugTiGlFFMAdAY9lQA2UwR5dLKXhF9dLM8g3g2yzksVpQFfujDHqcvt3oSpyGHEBhMLQYkadMSCxZF9KFDR62olJTf37yWjyrPhgGpgV7mWkWSzAzdaFanuqnN763oYUm45j2Bg-768x384.png ➡️ 2024/05/test-768x384.png
2024-05-16 12:57:30: 🚀 Rewrite content 2024/05/65c3dda279fe2e06765f9e63_QZJPOlVaS6yl7qqmRugTiGlFFMAdAY9lQA2UwR5dLKXhF9dLM8g3g2yzksVpQFfujDHqcvt3oSpyGHEBhMLQYkadMSCxZF9KFDR62olJTf37yWjyrPhgGpgV7mWkWSzAzdaFanuqnN763oYUm45j2Bg-700x400.png ➡️ 2024/05/test-700x400.png
2024-05-16 12:57:30: 🚀 Rewrite content 2024/05/65c3dda279fe2e06765f9e63_QZJPOlVaS6yl7qqmRugTiGlFFMAdAY9lQA2UwR5dLKXhF9dLM8g3g2yzksVpQFfujDHqcvt3oSpyGHEBhMLQYkadMSCxZF9KFDR62olJTf37yWjyrPhgGpgV7mWkWSzAzdaFanuqnN763oYUm45j2Bg-700x500.png ➡️ 2024/05/test-700x500.png
2024-05-16 12:57:30: 🚀 Rewrite content 2024/05/65c3dda279fe2e06765f9e63_QZJPOlVaS6yl7qqmRugTiGlFFMAdAY9lQA2UwR5dLKXhF9dLM8g3g2yzksVpQFfujDHqcvt3oSpyGHEBhMLQYkadMSCxZF9KFDR62olJTf37yWjyrPhgGpgV7mWkWSzAzdaFanuqnN763oYUm45j2Bg-550x550.png ➡️ 2024/05/test-550x550.png
2024-05-16 12:57:30: 🚀 Rewrite content 2024/05/65c3dda279fe2e06765f9e63_QZJPOlVaS6yl7qqmRugTiGlFFMAdAY9lQA2UwR5dLKXhF9dLM8g3g2yzksVpQFfujDHqcvt3oSpyGHEBhMLQYkadMSCxZF9KFDR62olJTf37yWjyrPhgGpgV7mWkWSzAzdaFanuqnN763oYUm45j2Bg-700x520.png ➡️ 2024/05/test-700x520.png
2024-05-16 12:57:30: 🚀 Rewrite content 2024/05/65c3dda279fe2e06765f9e63_QZJPOlVaS6yl7qqmRugTiGlFFMAdAY9lQA2UwR5dLKXhF9dLM8g3g2yzksVpQFfujDHqcvt3oSpyGHEBhMLQYkadMSCxZF9KFDR62olJTf37yWjyrPhgGpgV7mWkWSzAzdaFanuqnN763oYUm45j2Bg-550x600.png ➡️ 2024/05/test-550x600.png
